<?xml version="1.0" encoding="UTF-8"?>
<!-- Generated by org.testng.reporters.JUnitReportReporter -->
<testsuite hostname="DESKTOP-V5UJJLP" failures="0" tests="2" name="testCases.TC_LoginTest_001" time="43.884" errors="0" timestamp="2022-07-25T21:57:14 BDT" skipped="0">
  <testcase classname="testCases.TC_LoginTest_001" name="LoginTest" time="21.895"/>
  <system-out/>
  <testcase classname="testCases.TC_LoginTest_001" name="LoginTest" time="21.989"/>
  <system-out/>
</testsuite> <!-- testCases.TC_LoginTest_001 -->
